{"time":"2024-09-19T17:16:00.2182973+07:00","level":"INFO","msg":"Info message"}
{"time":"2024-09-19T17:28:36.3298377+07:00","level":"INFO","msg":"Info message"}
{"time":"2024-09-19T17:29:30.4044933+07:00","level":"INFO","msg":"Info message"}
{"time":"2024-09-19T17:32:27.9281348+07:00","level":"INFO","msg":"Info message"}
{"time":"2024-09-19T17:34:20.8531519+07:00","level":"INFO","msg":"Info message"}
{"time":"2024-09-19T17:37:58.4271208+07:00","level":"INFO","msg":"Info message"}
{"time":"2024-09-19T17:38:36.7589258+07:00","level":"INFO","msg":"Info message"}
{"time":"2024-09-19T18:19:06.2099792+07:00","level":"INFO","msg":"Info message"}
{"time":"2024-09-19T18:20:52.4190719+07:00","level":"INFO","msg":"Info message"}
{"time":"2024-09-19T18:24:48.4265817+07:00","level":"INFO","msg":"Info message"}
{"time":"2024-09-19T18:27:41.6277054+07:00","level":"INFO","msg":"Info message"}
{"time":"2024-09-19T18:33:35.94497+07:00","level":"INFO","msg":"Info message"}
{"time":"2024-09-19T18:33:35.9552745+07:00","level":"DEBUG","msg":"Connect database"}
{"time":"2024-09-19T18:34:38.9118031+07:00","level":"INFO","msg":"Info message"}
{"time":"2024-09-19T18:34:38.9221929+07:00","level":"DEBUG","msg":"Connect database"}
{"time":"2024-09-19T18:35:05.3055134+07:00","level":"INFO","msg":"Info message"}
{"time":"2024-09-19T18:35:05.3163228+07:00","level":"DEBUG","msg":"Connect database"}
{"time":"2024-09-19T18:35:37.0065668+07:00","level":"INFO","msg":"Info message"}
{"time":"2024-09-19T18:35:37.0174145+07:00","level":"ERROR","msg":"Error message"}
{"time":"2024-09-19T18:35:37.0174145+07:00","level":"DEBUG","msg":"Connect database"}
{"time":"2024-09-19T18:37:56.3936293+07:00","level":"INFO","msg":"Info message"}
{"time":"2024-09-19T18:37:56.4040079+07:00","level":"DEBUG","msg":"Connect database"}
{"time":"2024-09-19T18:39:21.1141009+07:00","level":"INFO","msg":"Info message"}
{"time":"2024-09-19T18:39:21.1248598+07:00","level":"DEBUG","msg":"Connect database"}
{"time":"2024-09-20T18:11:20.2914168+07:00","level":"INFO","msg":"Info message"}
{"time":"2024-09-20T18:11:20.3032289+07:00","level":"DEBUG","msg":"Connect database"}
{"time":"2024-09-20T18:45:37.8962584+07:00","level":"INFO","msg":"Info message"}
{"time":"2024-09-20T18:45:37.9069781+07:00","level":"DEBUG","msg":"Connect database"}
{"time":"2024-10-13T01:28:37.5078759+07:00","level":"INFO","msg":"Info message"}
{"time":"2024-10-13T01:28:37.5191915+07:00","level":"DEBUG","msg":"Connect database"}
{"time":"2024-10-13T01:37:50.7511179+07:00","level":"INFO","msg":"Info message"}
{"time":"2024-10-13T01:37:50.7613937+07:00","level":"DEBUG","msg":"Connect database"}
{"time":"2024-10-13T01:38:57.9587829+07:00","level":"INFO","msg":"Info message"}
{"time":"2024-10-13T01:38:57.9695734+07:00","level":"DEBUG","msg":"Connect database"}
{"time":"2024-10-13T02:22:06.5146943+07:00","level":"INFO","msg":"Info message"}
{"time":"2024-10-13T02:22:06.525452+07:00","level":"DEBUG","msg":"Connect database"}
{"time":"2024-10-13T02:22:58.0660087+07:00","level":"INFO","msg":"Info message"}
{"time":"2024-10-13T02:22:58.076785+07:00","level":"DEBUG","msg":"Connect database"}
{"time":"2024-10-13T02:28:27.1624417+07:00","level":"INFO","msg":"Info message"}
{"time":"2024-10-13T02:28:27.173307+07:00","level":"DEBUG","msg":"Connect database"}
{"time":"2024-10-13T14:43:55.855722+07:00","level":"INFO","msg":"Info message"}
{"time":"2024-10-13T14:43:55.8675307+07:00","level":"DEBUG","msg":"Connect database"}
{"time":"2024-10-13T14:46:36.015545+07:00","level":"INFO","msg":"Info message"}
{"time":"2024-10-13T14:46:36.0263227+07:00","level":"DEBUG","msg":"Connect database"}
{"time":"2024-10-13T15:23:30.010815+07:00","level":"INFO","msg":"Info message"}
{"time":"2024-10-13T15:23:30.022136+07:00","level":"DEBUG","msg":"Connect database"}
{"time":"2024-10-13T15:34:26.8250702+07:00","level":"INFO","msg":"Info message"}
{"time":"2024-10-13T15:34:26.8365017+07:00","level":"DEBUG","msg":"Connect database"}
{"time":"2024-10-13T15:36:37.7848556+07:00","level":"INFO","msg":"Info message"}
{"time":"2024-10-13T15:36:37.7956275+07:00","level":"DEBUG","msg":"Connect database"}
{"time":"2024-10-13T15:42:42.4112484+07:00","level":"INFO","msg":"Info message"}
{"time":"2024-10-13T15:42:42.4220794+07:00","level":"DEBUG","msg":"Connect database"}
{"time":"2024-10-13T15:51:13.9035468+07:00","level":"INFO","msg":"Info message"}
{"time":"2024-10-13T15:51:13.9143051+07:00","level":"DEBUG","msg":"Connect database"}
{"time":"2024-10-13T15:51:55.4710244+07:00","level":"INFO","msg":"Info message"}
{"time":"2024-10-13T15:51:55.4817623+07:00","level":"DEBUG","msg":"Connect database"}
{"time":"2024-10-13T15:52:37.506961+07:00","level":"INFO","msg":"Info message"}
{"time":"2024-10-13T15:52:37.5177352+07:00","level":"DEBUG","msg":"Connect database"}
{"time":"2024-10-13T15:53:01.3153719+07:00","level":"INFO","msg":"Info message"}
{"time":"2024-10-13T15:53:01.3261575+07:00","level":"DEBUG","msg":"Connect database"}
{"time":"2024-10-13T15:55:01.6739094+07:00","level":"INFO","msg":"Info message"}
{"time":"2024-10-13T15:55:01.6847118+07:00","level":"DEBUG","msg":"Connect database"}
{"time":"2024-10-13T16:01:45.8114109+07:00","level":"INFO","msg":"Info message"}
{"time":"2024-10-13T16:01:45.823842+07:00","level":"DEBUG","msg":"Connect database"}
{"time":"2024-10-13T17:19:34.2188382+07:00","level":"INFO","msg":"Info message"}
{"time":"2024-10-13T17:19:34.2301167+07:00","level":"DEBUG","msg":"Connect database"}
{"time":"2024-10-13T17:21:11.0465066+07:00","level":"INFO","msg":"Info message"}
{"time":"2024-10-13T17:21:11.0573084+07:00","level":"DEBUG","msg":"Connect database"}
{"time":"2024-10-13T17:37:35.7825882+07:00","level":"INFO","msg":"Info message"}
{"time":"2024-10-13T17:37:35.7933552+07:00","level":"DEBUG","msg":"Connect database"}
{"time":"2024-10-13T17:38:20.2276915+07:00","level":"INFO","msg":"Info message"}
{"time":"2024-10-13T17:38:20.2384674+07:00","level":"DEBUG","msg":"Connect database"}
{"time":"2024-10-13T17:39:11.0858597+07:00","level":"INFO","msg":"Info message"}
{"time":"2024-10-13T17:39:11.0965899+07:00","level":"DEBUG","msg":"Connect database"}
{"time":"2024-10-13T17:50:26.2439728+07:00","level":"INFO","msg":"Info message"}
{"time":"2024-10-13T17:50:26.2547673+07:00","level":"DEBUG","msg":"Connect database"}
{"time":"2024-10-13T17:51:49.6709836+07:00","level":"INFO","msg":"Info message"}
{"time":"2024-10-13T17:51:49.682461+07:00","level":"DEBUG","msg":"Connect database"}
{"time":"2024-10-13T17:58:57.2219795+07:00","level":"INFO","msg":"Info message"}
{"time":"2024-10-13T17:58:57.2327915+07:00","level":"DEBUG","msg":"Connect database"}
{"time":"2024-10-13T18:20:04.7210226+07:00","level":"INFO","msg":"Info message"}
{"time":"2024-10-13T18:20:04.7318126+07:00","level":"DEBUG","msg":"Connect database"}
{"time":"2024-10-13T18:26:38.5814833+07:00","level":"INFO","msg":"Info message"}
{"time":"2024-10-13T18:26:38.5924138+07:00","level":"DEBUG","msg":"Connect database"}
{"time":"2024-10-13T18:31:27.2819112+07:00","level":"INFO","msg":"Info message"}
{"time":"2024-10-13T18:31:27.2927627+07:00","level":"DEBUG","msg":"Connect database"}
{"time":"2024-10-13T20:09:13.6784527+07:00","level":"INFO","msg":"Info message"}
{"time":"2024-10-13T20:09:13.6892356+07:00","level":"DEBUG","msg":"Connect database"}
{"time":"2024-10-13T20:12:03.9585644+07:00","level":"INFO","msg":"Info message"}
{"time":"2024-10-13T20:12:03.9688449+07:00","level":"DEBUG","msg":"Connect database"}
{"time":"2024-10-13T20:18:14.0450628+07:00","level":"INFO","msg":"Info message"}
{"time":"2024-10-13T20:18:14.0559788+07:00","level":"DEBUG","msg":"Connect database"}
{"time":"2024-10-13T20:21:01.6446612+07:00","level":"INFO","msg":"Info message"}
{"time":"2024-10-13T20:21:01.6554484+07:00","level":"DEBUG","msg":"Connect database"}
{"time":"2024-10-13T20:21:36.331836+07:00","level":"INFO","msg":"Info message"}
{"time":"2024-10-13T20:21:36.3425846+07:00","level":"DEBUG","msg":"Connect database"}
{"time":"2024-10-13T20:25:08.6522942+07:00","level":"INFO","msg":"Info message"}
{"time":"2024-10-13T20:25:08.6630869+07:00","level":"DEBUG","msg":"Connect database"}
{"time":"2024-10-13T20:36:07.0927374+07:00","level":"INFO","msg":"Info message"}
{"time":"2024-10-13T20:36:07.1035155+07:00","level":"DEBUG","msg":"Connect database"}
{"time":"2024-10-13T20:52:25.2574356+07:00","level":"INFO","msg":"Info message"}
{"time":"2024-10-13T20:52:25.2688299+07:00","level":"DEBUG","msg":"Connect database"}
{"time":"2024-10-13T21:39:56.4711772+07:00","level":"INFO","msg":"Info message"}
{"time":"2024-10-13T21:39:56.4819628+07:00","level":"DEBUG","msg":"Connect database"}
{"time":"2024-10-13T21:48:20.6598446+07:00","level":"INFO","msg":"Info message"}
{"time":"2024-10-13T21:48:20.6706919+07:00","level":"DEBUG","msg":"Connect database"}
{"time":"2024-10-13T21:56:29.3777534+07:00","level":"INFO","msg":"Info message"}
{"time":"2024-10-13T21:56:29.3885834+07:00","level":"DEBUG","msg":"Connect database"}
{"time":"2024-10-13T21:59:35.557058+07:00","level":"INFO","msg":"Info message"}
{"time":"2024-10-13T21:59:35.5678577+07:00","level":"DEBUG","msg":"Connect database"}
{"time":"2024-10-13T22:19:17.6548973+07:00","level":"INFO","msg":"Info message"}
{"time":"2024-10-13T22:19:17.6656232+07:00","level":"DEBUG","msg":"Connect database"}
{"time":"2024-10-13T22:22:45.4205193+07:00","level":"INFO","msg":"Info message"}
{"time":"2024-10-13T22:22:45.4312574+07:00","level":"DEBUG","msg":"Connect database"}
{"time":"2024-10-13T22:27:38.6248829+07:00","level":"INFO","msg":"Info message"}
{"time":"2024-10-13T22:27:38.6361653+07:00","level":"DEBUG","msg":"Connect database"}
{"time":"2024-10-13T22:36:51.7768299+07:00","level":"INFO","msg":"Info message"}
{"time":"2024-10-13T22:36:51.7876675+07:00","level":"DEBUG","msg":"Connect database"}
{"time":"2024-10-13T22:42:48.6743728+07:00","level":"INFO","msg":"Info message"}
{"time":"2024-10-13T22:42:48.6851376+07:00","level":"DEBUG","msg":"Connect database"}
{"time":"2024-10-13T22:49:36.4990122+07:00","level":"INFO","msg":"Info message"}
{"time":"2024-10-13T22:49:36.5098077+07:00","level":"DEBUG","msg":"Connect database"}
{"time":"2024-10-13T22:50:38.8446594+07:00","level":"INFO","msg":"Info message"}
{"time":"2024-10-13T22:50:38.8554845+07:00","level":"DEBUG","msg":"Connect database"}
{"time":"2024-10-13T22:52:31.7457586+07:00","level":"INFO","msg":"Info message"}
{"time":"2024-10-13T22:52:31.7565434+07:00","level":"DEBUG","msg":"Connect database"}
{"time":"2024-10-13T22:54:12.5803384+07:00","level":"INFO","msg":"Info message"}
{"time":"2024-10-13T22:54:12.5911851+07:00","level":"DEBUG","msg":"Connect database"}
{"time":"2024-10-14T16:31:50.6854117+07:00","level":"DEBUG","msg":"Connect database"}
{"time":"2024-10-14T17:55:40.3438147+07:00","level":"DEBUG","msg":"Connect database"}
{"time":"2024-10-14T17:55:40.3546269+07:00","level":"INFO","msg":"Run server"}
{"time":"2024-10-14T17:55:40.3546269+07:00","level":"DEBUG","msg":"debug msg"}
{"time":"2024-10-14T17:55:40.3546269+07:00","level":"ERROR","msg":"error msg"}
{"time":"2024-10-15T01:58:03.7551865+07:00","level":"DEBUG","msg":"Connect database"}
{"time":"2024-10-15T02:01:36.6044454+07:00","level":"DEBUG","msg":"Connect database"}
{"time":"2024-10-15T02:06:08.2393246+07:00","level":"DEBUG","msg":"Connect database"}
{"time":"2024-10-15T02:08:48.0868372+07:00","level":"DEBUG","msg":"Connect database"}
{"time":"2024-10-15T02:09:10.928905+07:00","level":"DEBUG","msg":"Connect database"}
{"time":"2024-10-15T02:35:44.4807422+07:00","level":"DEBUG","msg":"Connect database"}
{"time":"2024-10-15T02:40:05.2224266+07:00","level":"DEBUG","msg":"Connect database"}
{"time":"2024-10-15T03:31:32.325875+07:00","level":"DEBUG","msg":"Connect database"}
{"time":"2024-10-15T18:01:29.8107093+07:00","level":"DEBUG","msg":"Connect database"}
{"time":"2024-10-15T18:13:18.2822346+07:00","level":"DEBUG","msg":"Connect database"}
